<?xml version="1.0" encoding="UTF-8"?>
<!-- Generated by org.testng.reporters.JUnitReportReporter -->
<testsuite hostname="Lao-Lao-Mac.local" failures="0" tests="3" name="test.PIMTest" time="39.765" errors="0" timestamp="2025-03-02T11:08:13 MMT" skipped="0">
  <testcase classname="test.PIMTest" name="testaddEmployee" time="18.810"/>
  <system-out/>
  <testcase classname="test.PIMTest" name="testeditEmployeeDetail" time="16.486"/>
  <system-out/>
  <testcase classname="test.PIMTest" name="testFileDownload" time="4.469"/>
  <system-out/>
</testsuite> <!-- test.PIMTest -->
